
Creating table CON_GROUP
========================


Table created

Comment added

Comment added

Comment added

Table altered

Grant succeeded

Creating table CONS
===================


Table created

Comment added

Comment added

Comment added

Comment added

Comment added

Comment added

Index created

Index created

Index created

Table altered

Grant succeeded

Creating table CONST
====================


Table created

Comment added

Comment added

Comment added

Comment added

Comment added

Comment added

Table altered

Creating table DICS
===================


Table created

Comment added

Comment added

Comment added

Comment added

Comment added

Comment added

Comment added

Comment added

Comment added

Index created

Index created

Index created

Table altered

Table altered

Grant succeeded

Creating table SMART_DSET
=========================


Table created

Comment added

Comment added

Comment added

Comment added

Comment added

Comment added

Comment added

Comment added

Comment added

Comment added

Comment added

Comment added

Index created

Index created

Table altered

Table altered

Grant succeeded

Grant succeeded

Creating table SMART_CLASS
==========================


Table created

Comment added

Comment added

Comment added

Comment added

Comment added

Comment added

Comment added

Comment added

Comment added

Comment added

Index created

Index created

Index created

Index created

Table altered

Table altered

Table altered

Table altered

Grant succeeded

Grant succeeded

Creating table DICS_TREE
========================


Table created

Comment added

Comment added

Comment added

Comment added

Comment added

Comment added

Comment added

Comment added

Comment added

Comment added

Comment added

Comment added

Comment added

Comment added

Index created

Index created

Index created

Table altered

Table altered

Table altered

Grant succeeded

Creating table DICS_TREE_ITEM
=============================


Table created

Comment added

Comment added

Comment added

Comment added

Index created

Table altered

Table altered

Grant succeeded

Creating table FILEHEADER
=========================


Table created

Comment added

Comment added

Comment added

Comment added

Comment added

Comment added

Comment added

Comment added

Index created

Table altered

Grant succeeded

Grant succeeded

Creating table FILEHISTORY
==========================


Table created

Comment added

Comment added

Comment added

Comment added

Comment added

Comment added

Comment added

Comment added

Table altered

Grant succeeded

Creating table FILEITEMS
========================


Table created

Comment added

Comment added

Comment added

Comment added

Index created

Table altered

Grant succeeded

Grant succeeded

Creating table FILTERS_TREE
===========================


Table created

Comment added

Comment added

Comment added

Comment added

Comment added

Comment added

Index created

Index created

Table altered

Table altered

Table altered

Grant succeeded

Creating table FILTERS_ITEMS
============================


Table created

Comment added

Comment added

Comment added

Comment added

Comment added

Comment added

Table altered

Table altered

Table altered

Grant succeeded

Creating table PLAN_TABLE
=========================


Table created

Creating table SMART_AUDIT_APP
==============================


Table created

Comment added

Comment added

Comment added

Comment added

Comment added

Comment added

Comment added

Comment added

Comment added

Comment added

Comment added

Comment added

Comment added

Comment added

Table altered

Grant succeeded

Grant succeeded

Creating table SMART_AUDIT_APPLOG
=================================


Table created

Comment added

Comment added

Comment added

Comment added

Comment added

Comment added

Comment added

Comment added

Comment added

Comment added

Comment added

Comment added

Index created

Table altered

Grant succeeded

grant select, insert on SMART_AUDIT_APPLOG to PSA_LINK_ROLE

ORA-01917: user or role 'PSA_LINK_ROLE' does not exist

Creating table SMART_AUDIT_CONFIG
=================================


Table created

Comment added

Comment added

Comment added

Comment added

Comment added

Comment added

Comment added

Comment added

Comment added

Comment added

Comment added

Comment added

Table altered

Grant succeeded

Creating table SMART_AUDIT_EXCEPTIONS_LOG
=========================================


Table created

Comment added

Comment added

Comment added

Comment added

Comment added

Comment added

Comment added

Comment added

Index created

Table altered

Table altered

Grant succeeded

Grant succeeded

grant select, insert on SMART_AUDIT_EXCEPTIONS_LOG to PSA_LINK_ROLE

ORA-01917: user or role 'PSA_LINK_ROLE' does not exist

Creating table SMART_AUDIT_HISTORY
==================================


Table created

Comment added

Comment added

Comment added

Comment added

Comment added

Comment added

Index created

Table altered

Grant succeeded

Grant succeeded

Creating table SMART_AUDIT_ROLE
===============================


Table created

Comment added

Comment added

Comment added

Comment added

Comment added

Index created

Table altered

grant select, insert, update, delete on SMART_AUDIT_ROLE to F_SMART_GRANT_ROLE

ORA-01917: user or role 'F_SMART_GRANT_ROLE' does not exist

Grant succeeded

Grant succeeded

Creating table SMART_AUDIT_SCREENSHOT
=====================================


Table created

Comment added

Comment added

Comment added

Index created

Table altered

Grant succeeded

grant select on SMART_AUDIT_SCREENSHOT to PSA

ORA-01917: user or role 'PSA' does not exist

grant select, insert on SMART_AUDIT_SCREENSHOT to PSA_LINK_ROLE

ORA-01917: user or role 'PSA_LINK_ROLE' does not exist

Creating table SMART_DICS_TRANS
===============================


Table created

Comment added

Comment added

Comment added

Comment added

Comment added

Comment added

Comment added

Comment added

Index created

Grant succeeded

Grant succeeded

Creating table SMART_DSET_AUDIT
===============================


Table created

Comment added

Comment added

Comment added

Comment added

Index created

Index created

Table altered

Table altered

Grant succeeded

Grant succeeded

Creating table SMART_DSET_AUDIT_DETAIL
======================================


Table created

Comment added

Comment added

Comment added

Comment added

Comment added

Comment added

Comment added

Comment added

Comment added

Index created

Index created

Index created

Index created

Table altered

Table altered

Table altered

Table altered

Grant succeeded

Grant succeeded

Creating table SMART_GRANT
==========================


Table created

Comment added

Comment added

Comment added

Comment added

Comment added

Comment added

Comment added

Index created

Table altered

Grant succeeded

Grant succeeded

Creating table SMART_GRANT_MENU
===============================


Table created

Comment added

Comment added

Comment added

Comment added

Index created

Index created

Table altered

Table altered

grant select, insert, update, delete on SMART_GRANT_MENU to F_SMART_GRANT_ROLE

ORA-01917: user or role 'F_SMART_GRANT_ROLE' does not exist

Grant succeeded

Creating table SMART_GRANT_ROLES
================================


Table created

Comment added

Comment added

Comment added

Index created

Table altered

grant select, insert, update, delete on SMART_GRANT_ROLES to F_SMART_GRANT_ROLE

ORA-01917: user or role 'F_SMART_GRANT_ROLE' does not exist

Grant succeeded

Grant succeeded

Creating table SMART_MUNDETAIL
==============================


Table created

Comment added

Comment added

Comment added

Comment added

Comment added

Comment added

Index created

Index created

Index created

Table altered

Table altered

Grant succeeded

Grant succeeded

Creating table SMART_PANELS
===========================


Table created

Comment added

Comment added

Comment added

Comment added

Comment added

Index created

Table altered

Grant succeeded

Grant succeeded

Creating table SMART_SCRIPT
===========================


Table created

Comment added

Comment added

Comment added

Comment added

Comment added

Comment added

Index created

Index created

Table altered

Table altered

Grant succeeded

Grant succeeded

Creating table SMART_SETTINGS
=============================


Table created

Comment added

Comment added

Comment added

Comment added

Comment added

Index created

Table altered

Grant succeeded

Creating table SMART_TRANSLATE
==============================


Table created

Comment added

Comment added

Comment added

Index created

Grant succeeded

Grant succeeded

Creating table SMART_TREE_VALUES
================================


Table created

Comment added

Comment added

Comment added

Comment added

Comment added

Index created

Grant succeeded

Creating table TMP_SPRAV_MTH
============================


Table created

Comment added

Comment added

Comment added

Creating table VAR_NAME
=======================


Table created

Comment added

Comment added

Comment added

Table altered

Creating table VAR_VALUE
========================


Table created

Comment added

Comment added

Comment added

Comment added

Comment added

Table altered

Creating sequence DICS_SEQ
==========================


Sequence created

Creating sequence DICS_TREE_ITEM_SEQ
====================================


Sequence created

Creating sequence DICS_TREE_SEQ
===============================


Sequence created

Creating sequence FILEHEADER_SEQ
================================


Sequence created

Creating sequence FILTERS_ITEM_ID_SEQ
=====================================


Sequence created

Creating sequence S_AUDIT_GLB
=============================


Sequence created

Creating sequence SEQ_AUDIT_GLB
===============================


Sequence created

Creating sequence SMART_AUDIT_APPLOG_SEQ
========================================


Sequence created

grant select on SMART_AUDIT_APPLOG_SEQ to PSA_LINK_ROLE

ORA-01917: user or role 'PSA_LINK_ROLE' does not exist

Creating sequence SMART_AUDIT_EXCEPTIONS_LOG_SEQ
================================================


Sequence created

grant select on SMART_AUDIT_EXCEPTIONS_LOG_SEQ to PSA_LINK_ROLE

ORA-01917: user or role 'PSA_LINK_ROLE' does not exist

Creating sequence SMART_CLASS_SEQ
=================================


Sequence created

Creating sequence SMART_DSET_AUDIT_DETAIL_SEQ
=============================================


Sequence created

Creating sequence SMART_DSET_SEQ
================================


Sequence created

Creating sequence SMART_LANGUAGE_SEQ
====================================


Sequence created

Creating sequence SMART_SCRIPT_SEQ
==================================


Sequence created

Creating sequence SMART_SETTINGS_SEQ
====================================


Sequence created

Creating view V_DICS
====================


create or replace view v_dics as
select l.nn as id,
       h.number_act dic,
       psa.pkg_doc_line_utl.get_str_attr(l.site, l.id, 163) name,
       case
         when psa.pkg_doc_line_utl.get_date_attr(l.site, l.id, 166) is null then
          0
         else
          1
       end as invisible,
       0 is_minor,
       psa.pkg_doc_line_utl.get_str_attr(l.site, l.id, 164) abbr,
       psa.pkg_doc_line_utl.get_date_attr(l.site, l.id, 165) date_start,
       psa.pkg_doc_line_utl.get_date_attr(l.site, l.id, 166) date_end,
       h.site
  from psa.doc_header h, psa.doc_line l
 where e_doc_type = 10
   and h.id = l.doc_header_id

ORA-00942: table or view does not exist

grant select on V_DICS to F_SMART_RO_ROLE

ORA-00942: table or view does not exist

grant select on V_DICS to PSA

ORA-00942: table or view does not exist

Creating view V_SCRAP_USERS_STARTDATE
=====================================


View created

Creating function GET_SUBNET_FROM_IP
====================================


Function created

Grant succeeded

Creating view V_SMART_AUDIT_SEARCH
==================================


View created

Grant succeeded

Creating view V_SMART_DSET_AUDIT
================================


View created

Grant succeeded

Creating view V_SMART_LOAD_APP
==============================


View created

Grant succeeded

Creating view V_SMART_USERS
===========================


View created

Grant succeeded

Creating view V_UTL_MISS_FK_INDEX
=================================


View created

Creating package PKGAUDIT
=========================


Package created

Grant succeeded

Creating package PKGAUDIT_EMAIL
===============================


Package created

Grant succeeded

Creating type T_ID_ARRAY
========================


Type created

Creating package PKGCOMMATEXT
=============================


Package created

Creating package PKG_CONST
==========================


Package created

Creating package PKGDICS
========================


Package created

Creating package PKGFILESTORAGE
===============================


Package created

Grant succeeded

Creating package PKGFILTERSTREE
===============================


Package created

Grant succeeded

Creating package PKGSMARTFIELDS
===============================


Package created

Grant succeeded

Grant succeeded

Creating package PKG_VARIABLE
=============================


Package created

Grant succeeded

grant execute on PKG_VARIABLE to PSA

ORA-01917: user or role 'PSA' does not exist

grant execute on PKG_VARIABLE to PSA_RO_ROLE

ORA-01917: user or role 'PSA_RO_ROLE' does not exist

Creating type SYS_PLSQL_52186_DUMMY_2
=====================================


Type created

Creating type SYS_PLSQL_52186_9_2
=================================


Type created

Creating type SYS_PLSQL_52186_29_2
==================================


Type created

Creating type SYS_PLSQL_52557_DUMMY_1
=====================================


Type created

Creating type SYS_PLSQL_52557_9_1
=================================


Type created

Creating type SYS_PLSQL_52557_29_1
==================================


Type created

Creating type SYS_PLSQL_53513_DUMMY_1
=====================================


Type created

Creating type SYS_PLSQL_53513_9_1
=================================


Type created

Creating type SYS_PLSQL_53513_29_1
==================================


Type created

Creating function CMPDATE
=========================


Function created

Grant succeeded

grant execute on CMPDATE to PSA

ORA-01917: user or role 'PSA' does not exist

Creating function CMPNUM
========================


Function created

Grant succeeded

Creating function CMPSTR
========================


Function created

Grant succeeded

Creating function ENABLED_ROLE
==============================


Function created

Grant succeeded

Creating function GET_VAR_DATE
==============================


Function created

Grant succeeded

Creating function GET_VAR_NUM
=============================


Function created

Grant succeeded

Creating function GET_VAR_STR
=============================


Function created

Grant succeeded

Creating function LOCKTRANSLATE
===============================


Function created

Grant succeeded

Creating function NCON
======================


Function created

Grant succeeded

Creating function NDIC
======================


Function created

Grant succeeded

Creating function NE
====================


Function created

Grant succeeded

Creating function SMARTFUNCTION
===============================


Function created

Grant succeeded

Creating procedure LOGGER_CPP
=============================


Procedure created

Grant succeeded

Creating function XML_EXTRACT_VALUE
===================================


Function created

Creating procedure FLAG_DEC
===========================


Procedure created

Creating procedure FLAG_INC
===========================


Procedure created

Creating procedure GET_MAT_MTH
==============================


Procedure created

Creating procedure RAISE_WARNING
================================


Procedure created

Grant succeeded

Creating procedure RAISE_WARNING_SILIEN
=======================================


Procedure created

Grant succeeded

Creating procedure SENDMAILFROMUSER
===================================


Procedure created

Grant succeeded

Creating procedure SET_VAR_DATE
===============================


Procedure created

Creating procedure SET_VAR_NUM
==============================


Procedure created

Creating procedure SET_VAR_STR
==============================


Procedure created

Creating package body PKGAUDIT
==============================


Package body created

Grant succeeded

Creating package body PKGAUDIT_EMAIL
====================================


Package body created

Grant succeeded

Creating package body PKGCOMMATEXT
==================================


Package body created

Creating package body PKG_CONST
===============================


Package body created

Creating package body PKGDICS
=============================


Package body created

Creating package body PKGFILESTORAGE
====================================


Package body created

Grant succeeded

Creating package body PKGFILTERSTREE
====================================


Package body created

Grant succeeded

Creating package body PKGSMARTFIELDS
====================================


Package body created

Grant succeeded

Grant succeeded

Creating package body PKG_VARIABLE
==================================


Package body created

Grant succeeded

Creating trigger TIB_DICS
=========================


Trigger created

Creating trigger TIB_FILEITEMS
==============================


Trigger created

Creating trigger TIB_FILTERS_ITEMS
==================================


Trigger created

Creating trigger TIB_SMART_AUDIT_EXCEPTIONS_LOG
===============================================


Trigger created

Creating trigger TIB_SMART_DSET_AUDIT_DETAIL
============================================


Trigger created

Creating trigger TIUB_SMART_GRANT
=================================


Trigger created

Creating trigger TIUDB_DICS_TREE
================================


Trigger created

Creating trigger TIUDB_FILEHEADER
=================================


Trigger created

Creating trigger TIUDB_NUM_DICS_TREE
====================================


Trigger created

Creating trigger TIUDB_SMART_CLASS
==================================


Trigger created

Creating trigger TIUDB_SMART_DSET
=================================


Trigger created

Creating trigger TIUDB_SMART_SCRIPT
===================================


Trigger created

Creating trigger TIUDB_SMART_SETTINGS
=====================================


Trigger created

1 row inserted

1 row inserted

DECLARE
  v_curr_val NUMBER;
  v_next_val NUMBER;
BEGIN
  /*1*/
  SELECT smart_class_seq.nextval INTO v_curr_val FROM dual;
  SELECT MAX(t.id) + 1 INTO v_next_val FROM smart_class t;

  EXECUTE IMMEDIATE 'ALTER sequence smart_class_seq increment BY ' || to_char(v_next_val - v_curr_val) ||
                    ' nocache';
  SELECT smart_class_seq.nextval INTO v_curr_val FROM dual;
  EXECUTE IMMEDIATE 'alter sequence smart_class_seq increment by 1 cache 20';


END;

ORA-01722: invalid number
ORA-06512: at line 9

DECLARE
  v_curr_val NUMBER;
  v_next_val NUMBER;
BEGIN
  /*1*/
  SELECT SMART_SCRIPT_seq.nextval INTO v_curr_val FROM dual;
  SELECT MAX(t.id) + 1 INTO v_next_val FROM SMART_SCRIPT t;

  EXECUTE IMMEDIATE 'ALTER sequence SMART_SCRIPT_seq increment BY ' || to_char(v_next_val - v_curr_val) ||
                    ' nocache';
  SELECT SMART_SCRIPT_seq.nextval INTO v_curr_val FROM dual;
  EXECUTE IMMEDIATE 'alter sequence SMART_SCRIPT_seq increment by 1 cache 20';


END;

ORA-01722: invalid number
ORA-06512: at line 9

DECLARE
  v_curr_val NUMBER;
  v_next_val NUMBER;
BEGIN
  /*1*/
  SELECT SMART_DSET_seq.nextval INTO v_curr_val FROM dual;
  SELECT MAX(t.id) + 1 INTO v_next_val FROM SMART_DSET t;

  EXECUTE IMMEDIATE 'ALTER sequence SMART_DSET_seq increment BY ' || to_char(v_next_val - v_curr_val) ||
                    ' nocache';
  SELECT SMART_DSET_seq.nextval INTO v_curr_val FROM dual;
  EXECUTE IMMEDIATE 'alter sequence SMART_DSET_seq increment by 1 cache 20';


END;

ORA-01722: invalid number
ORA-06512: at line 9

Commit complete
